进入关键词调度逻辑------
关键词个数为：16
redis中的seed_keyword关键词个数正常
详细页连接数：15
redis中的seed_detail_link连接个数正常
详细页连接数：0
redis中的seed_dir_detail_link连接个数低于阈值！put mysql data to redis..
update t_ymx_dir_detail_link set job_state=1 where id in (-1)
进入关键词调度逻辑------
关键词个数为：16
redis中的seed_keyword关键词个数正常
详细页连接数：15
redis中的seed_detail_link连接个数正常
详细页连接数：0
redis中的seed_dir_detail_link连接个数低于阈值！put mysql data to redis..
update t_ymx_dir_detail_link set job_state=1 where id in (-1)
进入关键词调度逻辑------
关键词个数为：16
redis中的seed_keyword关键词个数正常
详细页连接数：15
redis中的seed_detail_link连接个数正常
详细页连接数：0
redis中的seed_dir_detail_link连接个数低于阈值！put mysql data to redis..
update t_ymx_dir_detail_link set job_state=1 where id in (-1)
进入关键词调度逻辑------
关键词个数为：16
redis中的seed_keyword关键词个数正常
详细页连接数：15
redis中的seed_detail_link连接个数正常
详细页连接数：0
redis中的seed_dir_detail_link连接个数低于阈值！put mysql data to redis..
update t_ymx_dir_detail_link set job_state=1 where id in (-1)
进入关键词调度逻辑------
关键词个数为：16
redis中的seed_keyword关键词个数正常
详细页连接数：15
redis中的seed_detail_link连接个数正常
详细页连接数：0
redis中的seed_dir_detail_link连接个数低于阈值！put mysql data to redis..
update t_ymx_dir_detail_link set job_state=1 where id in (-1)
进入关键词调度逻辑------
关键词个数为：16
redis中的seed_keyword关键词个数正常
详细页连接数：15
redis中的seed_detail_link连接个数正常
详细页连接数：0
redis中的seed_dir_detail_link连接个数低于阈值！put mysql data to redis..
update t_ymx_dir_detail_link set job_state=1 where id in (-1)
进入关键词调度逻辑------
关键词个数为：16
redis中的seed_keyword关键词个数正常
详细页连接数：15
redis中的seed_detail_link连接个数正常
详细页连接数：0
redis中的seed_dir_detail_link连接个数低于阈值！put mysql data to redis..
update t_ymx_dir_detail_link set job_state=1 where id in (-1)
进入关键词调度逻辑------
关键词个数为：16
redis中的seed_keyword关键词个数正常
详细页连接数：15
redis中的seed_detail_link连接个数正常
详细页连接数：0
redis中的seed_dir_detail_link连接个数低于阈值！put mysql data to redis..
update t_ymx_dir_detail_link set job_state=1 where id in (-1)
进入关键词调度逻辑------
关键词个数为：16
redis中的seed_keyword关键词个数正常
详细页连接数：15
redis中的seed_detail_link连接个数正常
详细页连接数：0
redis中的seed_dir_detail_link连接个数低于阈值！put mysql data to redis..
update t_ymx_dir_detail_link set job_state=1 where id in (-1)
进入关键词调度逻辑------
关键词个数为：16
redis中的seed_keyword关键词个数正常
详细页连接数：15
redis中的seed_detail_link连接个数正常
详细页连接数：0
redis中的seed_dir_detail_link连接个数低于阈值！put mysql data to redis..
update t_ymx_dir_detail_link set job_state=1 where id in (-1)
进入关键词调度逻辑------
关键词个数为：16
redis中的seed_keyword关键词个数正常
详细页连接数：15
redis中的seed_detail_link连接个数正常
详细页连接数：0
redis中的seed_dir_detail_link连接个数低于阈值！put mysql data to redis..
update t_ymx_dir_detail_link set job_state=1 where id in (-1)
进入关键词调度逻辑------
关键词个数为：16
redis中的seed_keyword关键词个数正常
详细页连接数：15
redis中的seed_detail_link连接个数正常
详细页连接数：0
redis中的seed_dir_detail_link连接个数低于阈值！put mysql data to redis..
update t_ymx_dir_detail_link set job_state=1 where id in (-1)
进入关键词调度逻辑------
关键词个数为：16
redis中的seed_keyword关键词个数正常
详细页连接数：15
redis中的seed_detail_link连接个数正常
详细页连接数：0
redis中的seed_dir_detail_link连接个数低于阈值！put mysql data to redis..
update t_ymx_dir_detail_link set job_state=1 where id in (-1)
进入关键词调度逻辑------
关键词个数为：16
redis中的seed_keyword关键词个数正常
详细页连接数：15
redis中的seed_detail_link连接个数正常
详细页连接数：0
redis中的seed_dir_detail_link连接个数低于阈值！put mysql data to redis..
update t_ymx_dir_detail_link set job_state=1 where id in (-1)
进入关键词调度逻辑------
关键词个数为：16
redis中的seed_keyword关键词个数正常
详细页连接数：15
redis中的seed_detail_link连接个数正常
详细页连接数：0
redis中的seed_dir_detail_link连接个数低于阈值！put mysql data to redis..
update t_ymx_dir_detail_link set job_state=1 where id in (-1)
进入关键词调度逻辑------
关键词个数为：16
redis中的seed_keyword关键词个数正常
详细页连接数：15
redis中的seed_detail_link连接个数正常
详细页连接数：0
redis中的seed_dir_detail_link连接个数低于阈值！put mysql data to redis..
update t_ymx_dir_detail_link set job_state=1 where id in (-1)
进入关键词调度逻辑------
关键词个数为：16
redis中的seed_keyword关键词个数正常
详细页连接数：15
redis中的seed_detail_link连接个数正常
详细页连接数：0
redis中的seed_dir_detail_link连接个数低于阈值！put mysql data to redis..
update t_ymx_dir_detail_link set job_state=1 where id in (-1)
进入关键词调度逻辑------
关键词个数为：16
redis中的seed_keyword关键词个数正常
详细页连接数：15
redis中的seed_detail_link连接个数正常
详细页连接数：0
redis中的seed_dir_detail_link连接个数低于阈值！put mysql data to redis..
update t_ymx_dir_detail_link set job_state=1 where id in (-1)
进入关键词调度逻辑------
关键词个数为：16
redis中的seed_keyword关键词个数正常
详细页连接数：15
redis中的seed_detail_link连接个数正常
详细页连接数：0
redis中的seed_dir_detail_link连接个数低于阈值！put mysql data to redis..
update t_ymx_dir_detail_link set job_state=1 where id in (-1)
进入关键词调度逻辑------
关键词个数为：16
redis中的seed_keyword关键词个数正常
详细页连接数：15
redis中的seed_detail_link连接个数正常
详细页连接数：0
redis中的seed_dir_detail_link连接个数低于阈值！put mysql data to redis..
update t_ymx_dir_detail_link set job_state=1 where id in (-1)
进入关键词调度逻辑------
关键词个数为：16
redis中的seed_keyword关键词个数正常
详细页连接数：15
redis中的seed_detail_link连接个数正常
详细页连接数：0
redis中的seed_dir_detail_link连接个数低于阈值！put mysql data to redis..
update t_ymx_dir_detail_link set job_state=1 where id in (-1)
进入关键词调度逻辑------
关键词个数为：16
redis中的seed_keyword关键词个数正常
详细页连接数：15
redis中的seed_detail_link连接个数正常
详细页连接数：0
redis中的seed_dir_detail_link连接个数低于阈值！put mysql data to redis..
update t_ymx_dir_detail_link set job_state=1 where id in (-1)
进入关键词调度逻辑------
关键词个数为：16
redis中的seed_keyword关键词个数正常
详细页连接数：15
redis中的seed_detail_link连接个数正常
详细页连接数：0
redis中的seed_dir_detail_link连接个数低于阈值！put mysql data to redis..
update t_ymx_dir_detail_link set job_state=1 where id in (-1)
进入关键词调度逻辑------
关键词个数为：16
redis中的seed_keyword关键词个数正常
详细页连接数：15
redis中的seed_detail_link连接个数正常
详细页连接数：0
redis中的seed_dir_detail_link连接个数低于阈值！put mysql data to redis..
update t_ymx_dir_detail_link set job_state=1 where id in (-1)
进入关键词调度逻辑------
关键词个数为：16
redis中的seed_keyword关键词个数正常
详细页连接数：15
redis中的seed_detail_link连接个数正常
详细页连接数：0
redis中的seed_dir_detail_link连接个数低于阈值！put mysql data to redis..
update t_ymx_dir_detail_link set job_state=1 where id in (-1)
